<?xml version="1.0" encoding="UTF-8" ?>
<testsuite tests="5" failures="0" name="ch.heig.amt.gamification.api.spec.SpecificationTest" time="0.013" errors="2" skipped="1">
  <properties>
[...]
</properties>
  <testcase classname="Scenario: create a fruit" name="Given there is a Fruits server" time="0.002"/>
  <testcase classname="Scenario: create a fruit" name="Given I have a fruit payload" time="0"/>
  <testcase classname="Scenario: create a fruit" name="When I POST it to the /fruits endpoint" time="0.003">
    <error message="unexpected url: null/fruits" type="java.lang.IllegalArgumentException">java.lang.IllegalArgumentException: unexpected url: null/fruits
	at com.squareup.okhttp.Request$Builder.url(Request.java:163)
	at ch.heig.amt.gamification.ApiClient.buildCall(ApiClient.java:1080)
	at ch.heig.amt.gamification.api.DefaultApi.createFruitCall(DefaultApi.java:112)
	at ch.heig.amt.gamification.api.DefaultApi.createFruitWithHttpInfo(DefaultApi.java:135)
	at ch.heig.amt.gamification.api.spec.steps.CreationSteps.i_POST_it_to_the_fruits_endpoint(CreationSteps.java:48)
	at ✽.When I POST it to the /fruits endpoint(creation.feature:8)
</error>
  </testcase>
  <testcase classname="Scenario: create a fruit" name="Scenario: create a fruit" time="0.004">
    <error message="unexpected url: null/fruits" type="java.lang.IllegalArgumentException">java.lang.IllegalArgumentException: unexpected url: null/fruits
	at com.squareup.okhttp.Request$Builder.url(Request.java:163)
	at ch.heig.amt.gamification.ApiClient.buildCall(ApiClient.java:1080)
	at ch.heig.amt.gamification.api.DefaultApi.createFruitCall(DefaultApi.java:112)
	at ch.heig.amt.gamification.api.DefaultApi.createFruitWithHttpInfo(DefaultApi.java:135)
	at ch.heig.amt.gamification.api.spec.steps.CreationSteps.i_POST_it_to_the_fruits_endpoint(CreationSteps.java:48)
	at ✽.When I POST it to the /fruits endpoint(creation.feature:8)
</error>
  </testcase>
  <testcase classname="Scenario: create a fruit" name="Then I receive a 201 status code" time="0.004">
    <skipped/>
  </testcase>
</testsuite>